  create database internship01;
use internship01; 
CREATE TABLE customer(
 customer_id INT,
 order_date DATE,
 order_id INT PRIMARY KEY,
 product varchar(30),
 product_id int,
 in_time time,
 out_time time,
 arrival_date DATE,
 dispact_date DATE,
 sender_location varchar(20),
 receiver_location varchar(20),
 social_media varchar(15)
);
INSERT INTO customer
(customer_id,order_date,order_id,product,product_id,in_time,out_time,arrival_date,dispact_date,sender_location,receiver_location,social_media) VALUES
(1001,'2023-01-11',258000,'smartpen',001,'10:01:01','11:30:01','2023-01-09','2023-01-06','madurai','chennai','facebook'),
(1002,'2023-02-20',258100,'mouse',002,'10:03:01','11:05:01','2023-03-09','2023-03-06','mumbai','chennai','instagram'),
(1003,'2023-03-11',258200,'keyboard',003,'10:01:01','11:12:01','2023-02-09','2023-02-06','mumbai','chennai','facebook'),
(1004,'2023-03-19',258300,'monitor',004,'10:01:01','11:23:01','2023-04-09','2023-04-06','madurai','chennai','ekart'),
(1005,'2023-04-01',258400,'printer',005,'10:01:01','11:13:01','2023-05-09','2023-05-06','vellore','chennai','snapdeal'),
(1006,'2023-04-11',258500,'usb',006,'10:01:01','11:13:01','2023-01-09','2023-01-06','madurai','chennai','facebook'),
(1007,'2023-04-29',258600,'harddisk',007,'10:01:01','11:13:01','2023-03-19','2023-03-16','cudalore','chennai','ekart'),
(1008,'2023-05-11',258700,'sdd',008,'10:01:01','11:23:01','2023-01-09','2023-01-06','madurai','chennai','facebook'),
(1009,'2023-05-19',258800,'game',009,'10:01:01','11:23:01','2023-01-09','2023-01-06','kovai','chennai','amazon'),
(1010,'2023-05-30',258900,'controller',011,'10:01:01','11:23:01','2023-05-28','2023-05-26','madurai','chennai','flipkart');
INSERT INTO customer
(customer_id,order_date,order_id,product,product_id,in_time,out_time,arrival_date,dispact_date,sender_location,receiver_location,social_media) VALUES
(1003,'2023-01-11',228000,'smartpen',001,'10:01:01','11:30:01','2023-01-09','2023-01-06','madurai','chennai','facebook'),
(1003,'2023-02-20',228100,'mouse',002,'10:03:01','11:05:01','2023-03-09','2023-03-06','mumbai','chennai','instagram'),
(1003,'2023-03-11',228200,'keyboard',003,'10:01:01','11:12:01','2023-02-09','2023-02-06','mumbai','chennai','facebook'),
(1003,'2023-03-19',228300,'monitor',004,'10:01:01','11:23:01','2023-04-09','2023-04-06','madurai','chennai','ekart'),
(1003,'2023-04-01',228400,'printer',005,'10:01:01','11:13:01','2023-05-09','2023-05-06','vellore','chennai','snapdeal');
INSERT INTO customer
(customer_id,order_date,order_id,product,product_id,in_time,out_time,arrival_date,dispact_date,sender_location,receiver_location,social_media) VALUES
(1004,'2023-01-11',278000,'smartpen',001,'10:01:01','11:30:01','2023-01-09','2023-01-06','madurai','chennai','facebook'),
(1004,'2023-02-20',278100,'mouse',002,'10:03:01','11:05:01','2023-03-09','2023-03-06','mumbai','chennai','instagram'),
(1004,'2023-03-11',278200,'keyboard',003,'10:01:01','11:12:01','2023-02-09','2023-02-06','mumbai','chennai','facebook'),
(1004,'2023-03-19',278300,'monitor',004,'10:01:01','11:23:01','2023-04-09','2023-04-06','madurai','chennai','ekart');
INSERT INTO customer
(customer_id,order_date,order_id,product,product_id,in_time,out_time,arrival_date,dispact_date,sender_location,receiver_location,social_media) VALUES
(1005,'2023-01-11',298000,'smartpen',001,'10:01:01','11:30:01','2023-01-09','2023-01-06','madurai','chennai','facebook'),
(1005,'2023-02-20',298100,'mouse',002,'10:03:01','11:05:01','2023-03-09','2023-03-06','mumbai','chennai','instagram'),
(1005,'2023-03-11',298200,'keyboard',003,'10:01:01','11:12:01','2023-02-09','2023-02-06','mumbai','chennai','facebook'),
(1005,'2023-03-19',298300,'monitor',004,'10:01:01','11:23:01','2023-04-09','2023-04-06','madurai','chennai','ekart');
select*from customer ;

create database internship02;
use internship02; 
CREATE TABLE order_table(
 customer_id INT,
 order_date DATE,
 order_id INT PRIMARY KEY,
 product varchar(30),
 product_id int,
 in_time time,
 out_time time,
 arrival_date DATE,
 dispact_date DATE,
 sender_location varchar(20),
 receiver_location varchar(20),
 social_media varchar(15) 
 ) ;
 INSERT INTO order_table
(customer_id,order_date,order_id,product,product_id,in_time,out_time,arrival_date,dispact_date,sender_location,receiver_location,social_media) VALUES
(1001,'2023-01-11',258000,'smartpen',001,'10:01:01','11:30:01','2023-01-09','2023-01-06','madurai','chennai','facebook'),
(1001,'2023-02-20',258100,'mouse',002,'10:03:01','11:05:01','2023-03-09','2023-03-06','mumbai','chennai','instagram'),
(1001,'2023-03-11',258200,'keyboard',003,'10:01:01','11:12:01','2023-02-09','2023-02-06','mumbai','chennai','facebook'),
(1001,'2023-03-19',258300,'monitor',004,'10:01:01','11:23:01','2023-04-09','2023-04-06','madurai','chennai','ekart'),
(1001,'2023-04-01',258400,'printer',005,'10:01:01','11:13:01','2023-05-09','2023-05-06','vellore','chennai','snapdeal') ;
INSERT INTO order_table
(customer_id,order_date,order_id,product,product_id,in_time,out_time,arrival_date,dispact_date,sender_location,receiver_location,social_media) VALUES
(1002,'2023-01-12',248000,'smartpen',001,'10:01:01','11:30:01','2023-01-09','2023-01-06','madurai','chennai','facebook'),
(1002,'2023-02-22',248100,'mouse',002,'10:03:01','11:05:01','2023-03-09','2023-03-06','mumbai','chennai','instagram'),
(1002,'2023-03-12',248200,'keyboard',003,'10:01:01','11:12:01','2023-02-09','2023-02-06','mumbai','chennai','facebook'),
(1002,'2023-03-18',248300,'monitor',004,'10:01:01','11:23:01','2023-04-09','2023-04-06','madurai','chennai','ekart'),
(1002,'2023-04-02',248400,'printer',005,'10:01:01','11:13:01','2023-05-09','2023-05-06','vellore','chennai','snapdeal') ;
INSERT INTO order_table
(customer_id,order_date,order_id,product,product_id,in_time,out_time,arrival_date,dispact_date,sender_location,receiver_location,social_media) VALUES
(1003,'2023-01-11',228000,'smartpen',001,'10:01:01','11:30:01','2023-01-09','2023-01-06','madurai','chennai','facebook'),
(1003,'2023-02-20',228100,'mouse',002,'10:03:01','11:05:01','2023-03-09','2023-03-06','mumbai','chennai','instagram'),
(1003,'2023-03-11',228200,'keyboard',003,'10:01:01','11:12:01','2023-02-09','2023-02-06','mumbai','chennai','facebook'),
(1003,'2023-03-19',228300,'monitor',004,'10:01:01','11:23:01','2023-04-09','2023-04-06','madurai','chennai','ekart'),
(1003,'2023-04-01',228400,'printer',005,'10:01:01','11:13:01','2023-05-09','2023-05-06','vellore','chennai','snapdeal');
INSERT INTO order_table
(customer_id,order_date,order_id,product,product_id,in_time,out_time,arrival_date,dispact_date,sender_location,receiver_location,social_media) VALUES
(1004,'2023-01-11',278000,'smartpen',001,'10:01:01','11:30:01','2023-01-09','2023-01-06','madurai','chennai','facebook'),
(1004,'2023-02-20',278100,'mouse',002,'10:03:01','11:05:01','2023-03-09','2023-03-06','mumbai','chennai','instagram'),
(1004,'2023-03-11',278200,'keyboard',003,'10:01:01','11:12:01','2023-02-09','2023-02-06','mumbai','chennai','facebook'),
(1004,'2023-03-19',278300,'monitor',004,'10:01:01','11:23:01','2023-04-09','2023-04-06','madurai','chennai','ekart'),
(1004,'2023-05-01',278400,'printer',005,'10:01:01','11:13:01','2023-05-09','2023-05-06','vellore','chennai','snapdeal'),
(1004,'2023-05-11',278500,'usb',006,'10:01:01','11:13:01','2023-01-09','2023-01-06','madurai','chennai','facebook');
INSERT INTO order_table
(customer_id,order_date,order_id,product,product_id,in_time,out_time,arrival_date,dispact_date,sender_location,receiver_location,social_media) VALUES
(1005,'2023-01-11',298000,'smartpen',001,'10:01:01','11:30:01','2023-01-09','2023-01-06','madurai','chennai','facebook'),
(1005,'2023-02-20',298100,'mouse',002,'10:03:01','11:05:01','2023-03-09','2023-03-06','mumbai','chennai','instagram'),
(1005,'2023-03-11',298200,'keyboard',003,'10:01:01','11:12:01','2023-02-09','2023-02-06','mumbai','chennai','facebook'),
(1005,'2023-03-19',298300,'monitor',004,'10:01:01','11:23:01','2023-04-09','2023-04-06','madurai','chennai','ekart'),
(1005,'2023-04-01',298400,'printer',005,'10:01:01','11:13:01','2023-05-09','2023-05-06','vellore','chennai','snapdeal');
select*from order_table;

CREATE TABLE Customers (
    CustomerID INT PRIMARY KEY,
    Name VARCHAR(50),
    Age INT,
    Email VARCHAR(100),
    Phone VARCHAR(20),
    Address VARCHAR(100),
    date_purchased date);
    
    insert into customers (customerID,name,age,email,phone,address,date_purchased) values
    (1001,'ram',20,'ram@gmail.com',9874563210,'chennai','2023-01-10'),
    (1002,'prem',22,'prem@gmail.com',98745586210,'madurai','2023-03-10'),
    (1003,'renu',21,'renu@gmail.com',9825463210,'mumbai','2023-03-10'),
    (1004,'dhoni',19,'dhoni@gmail.com',9876985630,'kovai','2023-04-19'),
    (1005,'vijay',25,'vijay@gmail.com',9874578910,'cudalore','2023-05-20');
	
select*from customers;

1. create table
CREATE TABLE customer_18(
 customer_id INT,
 order_date DATE,
 order_id INT PRIMARY KEY,
 product varchar(30),
 product_id int,
 in_time time,
 out_time time,
 arrival_date DATE,
 dispact_date DATE,
 sender_location varchar(20),
 receiver_location varchar(20),
 social_media varchar(15)
);
2.alter table
alter table order_table add column customer_18 varchar(50)
select * from order_table;
insert into order_table (customer_id,order_date,order_id,product,product_id,in_time,out_time,arrival_date,dispact_date,sender_location,receiver_location,social_media) VALUES
(1001,'2023-01-11',258000,'smartpen',001,'10:01:01','11:30:01','2023-01-09','2023-01-06','madurai','chennai','facebook','dhana'),
(1002,'2023-02-20',258100,'mouse',002,'10:03:01','11:05:01','2023-03-09','2023-03-06','mumbai','chennai','instagram','karena'),
(1003,'2023-03-11',258200,'keyboard',003,'10:01:01','11:12:01','2023-02-09','2023-02-06','mumbai','chennai','facebook','ashwini'),
(1004,'2023-03-19',258300,'monitor',004,'10:01:01','11:23:01','2023-04-09','2023-04-06','madurai','chennai','ekart','akila'),
(1005,'2023-04-01',258400,'printer',005,'10:01:01','11:13:01','2023-05-09','2023-05-06','vellore','chennai','snapdeal','sri');
dml command
1.to change the particular value inside a table
update order_table set product = headphones where customer_id=1002